<testsuite failures="0" name="src/test/java/examples/users/FirstUITest.feature" skipped="0" tests="1" time="33.500384">
  <testcase classname="src.test.java.examples.users.FirstUITest" name="Sample UI Automation Test" time="33.500384">
    <system-out>Given driver 'https://open.spotify.com/' .................................. passed
And waitFor("[class='ButtonInner-sc-14ud5tc-0 iebPZv encore-inverted-light-set']") . passed
And click("[class='ButtonInner-sc-14ud5tc-0 iebPZv encore-inverted-light-set']") . passed
* delay(5000) ............................................................. passed
And waitFor("[data-testid='login-username']") ............................. passed
And input("[data-testid='login-username']" , 'kemalelmas03@gmail.com') .... passed
And waitFor("[data-testid='login-password']") ............................. passed
And input("[data-testid='login-password']", 'Gizli1$ey') .................. passed
And click("[class='Type__TypeElement-goli3j-0 dmuHFl sc-hKwDye eKDPqH']") . passed
* delay(5000) ............................................................. passed
And waitFor("[class='Type__TypeElement-goli3j-0 eHCcSU J4xXuqyaJnnwS6s2p3ZB standalone-ellipsis-one-line']") . passed
And click("[class='Type__TypeElement-goli3j-0 eHCcSU J4xXuqyaJnnwS6s2p3ZB standalone-ellipsis-one-line']") . passed
And waitFor("[class='Type__TypeElement-goli3j-0 hVBZRJ']") ................ passed
And click("[class='Type__TypeElement-goli3j-0 hVBZRJ']") .................. passed
And waitFor("[class='f0GjZQZc4c_bKpqdyKbq JaGLdeBa2UaUMBT44vqI']") ........ passed
When click("[class='f0GjZQZc4c_bKpqdyKbq JaGLdeBa2UaUMBT44vqI']") ......... passed
And clear("[class='f0GjZQZc4c_bKpqdyKbq JaGLdeBa2UaUMBT44vqI']") .......... passed
And input("[class='f0GjZQZc4c_bKpqdyKbq JaGLdeBa2UaUMBT44vqI']", 'MentorLabs Challenge') . passed
And click("[class='ButtonInner-sc-14ud5tc-0 iebPZv encore-inverted-light-set']") . passed
* delay(5000) ............................................................. passed
And waitFor("[class='Type__TypeElement-goli3j-0 ebHsEf l42JW4EP_5CU1Ba7jYIc']") . passed
And click("[class='Type__TypeElement-goli3j-0 ebHsEf l42JW4EP_5CU1Ba7jYIc']") . passed
And input("[class='Type__TypeElement-goli3j-0 ebHsEf l42JW4EP_5CU1Ba7jYIc']", 'Daft Punk') . passed
* delay(5000) ............................................................. passed
And click("[aria-label='See more Daft Punk']") ............................ passed
And waitFor("//div[@aria-rowindex='1']//div[@aria-colindex='3']//button[@data-testid='add-to-playlist-button']") . passed
And click("//div[@aria-rowindex='1']//div[@aria-colindex='3']//button[@data-testid='add-to-playlist-button']") . passed
* delay(3000) ............................................................. passed</system-out>
  </testcase>
</testsuite>
